<?xml version="1.0" encoding="UTF-8"?>
<!-- Generated by org.testng.reporters.JUnitReportReporter -->
<testsuite hostname="DCRI-PF1E2C1F" failures="0" tests="1" name="Colectv_Login.BrokenLinks" time="38.657" errors="0" timestamp="30 Aug 2023 21:50:48 GMT" skipped="0">
  <testcase classname="Colectv_Login.BrokenLinks" name="Links" time="38.657"/>
</testsuite> <!-- Colectv_Login.BrokenLinks -->
