<?xml version="1.0" encoding="UTF-8"?>
<!-- Generated by org.testng.reporters.JUnitReportReporter -->
<testsuite hostname="DCRI-PF1E2C1F" failures="0" tests="1" name="Colectv_Login.BrokenLinks" time="8.994" errors="0" timestamp="01 Sep 2023 17:51:31 GMT" skipped="0">
  <testcase classname="Colectv_Login.BrokenLinks" name="Links" time="8.994"/>
</testsuite> <!-- Colectv_Login.BrokenLinks -->
