<?xml version="1.0" encoding="UTF-8"?>
<!-- Generated by org.testng.reporters.JUnitReportReporter -->
<testsuite hostname="DCRI-PF1E2C1F" failures="0" tests="1" name="Colectv_Login.Login_Page" time="25.443" errors="0" timestamp="31 Aug 2023 14:20:38 GMT" skipped="0">
  <testcase classname="Colectv_Login.Login_Page" name="Colectiv_MFA_Login" time="25.443"/>
</testsuite> <!-- Colectv_Login.Login_Page -->
